21:39:54 **** Incremental Build of configuration Nios II for project Proyecto4_app ****
make all 
Info: Building ../Proyecto4_app_bsp/
C:/altera_lite/16.0/nios2eds/bin/gnu/H-x86_64-mingw32/bin/make --no-print-directory -C ../Proyecto4_app_bsp/
[BSP build complete]
Info: Compiling main.c to obj/default/main.o
nios2-elf-gcc -xc -MP -MMD -c -I../Proyecto4_app_bsp//HAL/inc -I../Proyecto4_app_bsp/ -I../Proyecto4_app_bsp//drivers/inc  -pipe -D__hal__ -DALT_NO_C_PLUS_PLUS -DALT_NO_INSTRUCTION_EMULATION -DALT_USE_SMALL_DRIVERS -DSMALL_C_LIB -DALT_SINGLE_THREADED    -O0 -g -Wall   -mno-hw-div -mno-hw-mul -mno-hw-mulx  -o obj/default/main.o main.c
Info: Linking Proyecto4_app.elf
nios2-elf-g++  -T'../Proyecto4_app_bsp//linker.x' -msys-crt0='../Proyecto4_app_bsp//obj/HAL/src/crt0.o' -msys-lib=hal_bsp -L../Proyecto4_app_bsp/  -msmallc  -Wl,-Map=Proyecto4_app.map   -O0 -g -Wall   -mno-hw-div -mno-hw-mul -mno-hw-mulx  -o Proyecto4_app.elf obj/default/main.o -lm -msys-lib=m
nios2-elf-insert Proyecto4_app.elf --thread_model hal --cpu_name nios2_gen2_0 --qsys true --simulation_enabled false --stderr_dev jtag_uart_0 --stdin_dev jtag_uart_0 --stdout_dev jtag_uart_0 --sopc_system_name Proyecto4_qsys --quartus_project_dir "E:/Docs/Maestria/2017-2_Prototipado_FPGAs/Proyectos/Proyecto4/Proyecto4" --sopcinfo E:/Docs/Maestria/2017-2_Prototipado_FPGAs/Proyectos/Proyecto4/Proyecto4/software/Proyecto4_app_bsp/../../Proyecto4_qsys.sopcinfo
Info: (Proyecto4_app.elf) 9372 Bytes program size (code + initialized data).
Info:                     53 KBytes free for stack + heap.
Info: Creating Proyecto4_app.objdump
nios2-elf-objdump --disassemble --syms --all-header --source Proyecto4_app.elf >Proyecto4_app.objdump
[Proyecto4_app build complete]
21:40:34 **** Build of configuration Nios II for project Proyecto4_app ****
make all 
Info: Building ../Proyecto4_app_bsp/
C:/altera_lite/16.0/nios2eds/bin/gnu/H-x86_64-mingw32/bin/make --no-print-directory -C ../Proyecto4_app_bsp/
[BSP build complete]
[Proyecto4_app build complete]
21:40:36 **** Incremental Build of configuration Nios II for project Proyecto4_app ****
make all 
Info: Building ../Proyecto4_app_bsp/
C:/altera_lite/16.0/nios2eds/bin/gnu/H-x86_64-mingw32/bin/make --no-print-directory -C ../Proyecto4_app_bsp/
[BSP build complete]
[Proyecto4_app build complete]
