22:53:17 **** Incremental Build of configuration Nios II for project proyecto3 ****
make all 
Info: Building ../proyecto3_bsp/
C:/altera_lite/16.0/nios2eds/bin/gnu/H-x86_64-mingw32/bin/make --no-print-directory -C ../proyecto3_bsp/
[BSP build complete]
Info: Compiling hello_world.c to obj/default/hello_world.o
nios2-elf-gcc -xc -MP -MMD -c -I../proyecto3_bsp//HAL/inc -I../proyecto3_bsp/ -I../proyecto3_bsp//drivers/inc  -pipe -D__hal__ -DALT_NO_C_PLUS_PLUS -DALT_NO_INSTRUCTION_EMULATION -DALT_USE_SMALL_DRIVERS -DSMALL_C_LIB -DALT_SINGLE_THREADED    -O0 -g -Wall   -mno-hw-div -mno-hw-mul -mno-hw-mulx  -o obj/default/hello_world.o hello_world.c
Info: Linking proyecto3.elf
nios2-elf-g++  -T'../proyecto3_bsp//linker.x' -msys-crt0='../proyecto3_bsp//obj/HAL/src/crt0.o' -msys-lib=hal_bsp -L../proyecto3_bsp/  -msmallc  -Wl,-Map=proyecto3.map   -O0 -g -Wall   -mno-hw-div -mno-hw-mul -mno-hw-mulx  -o proyecto3.elf obj/default/hello_world.o -lm -msys-lib=m
nios2-elf-insert proyecto3.elf --thread_model hal --cpu_name nios_ii_processor --qsys true --simulation_enabled false --stderr_dev jtag_uart --stdin_dev jtag_uart --stdout_dev jtag_uart --sopc_system_name proyecto3_system --quartus_project_dir "E:/Docs/Maestria/2017-2_Prototipado_FPGAs/Proyectos/Proyecto3" --sopcinfo E:/Docs/Maestria/2017-2_Prototipado_FPGAs/Proyectos/Proyecto3/software/proyecto3_bsp/../../proyecto3_system.sopcinfo
Info: (proyecto3.elf) 10 KBytes program size (code + initialized data).
Info:                 52 KBytes free for stack + heap.
Info: Creating proyecto3.objdump
nios2-elf-objdump --disassemble --syms --all-header --source proyecto3.elf >proyecto3.objdump
[proyecto3 build complete]
22:53:31 **** Build of configuration Nios II for project proyecto3 ****
make all 
Info: Building ../proyecto3_bsp/
C:/altera_lite/16.0/nios2eds/bin/gnu/H-x86_64-mingw32/bin/make --no-print-directory -C ../proyecto3_bsp/
[BSP build complete]
[proyecto3 build complete]
22:53:32 **** Incremental Build of configuration Nios II for project proyecto3 ****
make all 
Info: Building ../proyecto3_bsp/
C:/altera_lite/16.0/nios2eds/bin/gnu/H-x86_64-mingw32/bin/make --no-print-directory -C ../proyecto3_bsp/
[BSP build complete]
[proyecto3 build complete]
23:07:33 **** Build of configuration Nios II for project proyecto3 ****
make all 
Info: Building ../proyecto3_bsp/
C:/altera_lite/16.0/nios2eds/bin/gnu/H-x86_64-mingw32/bin/make --no-print-directory -C ../proyecto3_bsp/
[BSP build complete]
[proyecto3 build complete]
23:07:34 **** Incremental Build of configuration Nios II for project proyecto3 ****
make all 
Info: Building ../proyecto3_bsp/
C:/altera_lite/16.0/nios2eds/bin/gnu/H-x86_64-mingw32/bin/make --no-print-directory -C ../proyecto3_bsp/
[BSP build complete]
[proyecto3 build complete]
23:23:57 **** Build of configuration Nios II for project proyecto3 ****
make all 
Info: Building ../proyecto3_bsp/
C:/altera_lite/16.0/nios2eds/bin/gnu/H-x86_64-mingw32/bin/make --no-print-directory -C ../proyecto3_bsp/
[BSP build complete]
[proyecto3 build complete]
23:23:58 **** Incremental Build of configuration Nios II for project proyecto3 ****
make all 
Info: Building ../proyecto3_bsp/
C:/altera_lite/16.0/nios2eds/bin/gnu/H-x86_64-mingw32/bin/make --no-print-directory -C ../proyecto3_bsp/
[BSP build complete]
[proyecto3 build complete]
23:35:32 **** Build of configuration Nios II for project proyecto3 ****
make all 
Info: Building ../proyecto3_bsp/
C:/altera_lite/16.0/nios2eds/bin/gnu/H-x86_64-mingw32/bin/make --no-print-directory -C ../proyecto3_bsp/
[BSP build complete]
[proyecto3 build complete]
23:35:33 **** Incremental Build of configuration Nios II for project proyecto3 ****
make all 
Info: Building ../proyecto3_bsp/
C:/altera_lite/16.0/nios2eds/bin/gnu/H-x86_64-mingw32/bin/make --no-print-directory -C ../proyecto3_bsp/
[BSP build complete]
[proyecto3 build complete]
23:40:36 **** Build of configuration Nios II for project proyecto3 ****
make all 
Info: Building ../proyecto3_bsp/
C:/altera_lite/16.0/nios2eds/bin/gnu/H-x86_64-mingw32/bin/make --no-print-directory -C ../proyecto3_bsp/
[BSP build complete]
[proyecto3 build complete]
23:40:37 **** Incremental Build of configuration Nios II for project proyecto3 ****
make all 
Info: Building ../proyecto3_bsp/
C:/altera_lite/16.0/nios2eds/bin/gnu/H-x86_64-mingw32/bin/make --no-print-directory -C ../proyecto3_bsp/
[BSP build complete]
[proyecto3 build complete]
00:24:41 **** Build of configuration Nios II for project proyecto3 ****
make all 
Info: Building ../proyecto3_bsp/
C:/altera_lite/16.0/nios2eds/bin/gnu/H-x86_64-mingw32/bin/make --no-print-directory -C ../proyecto3_bsp/
[BSP build complete]
[proyecto3 build complete]
00:24:43 **** Incremental Build of configuration Nios II for project proyecto3 ****
make all 
Info: Building ../proyecto3_bsp/
C:/altera_lite/16.0/nios2eds/bin/gnu/H-x86_64-mingw32/bin/make --no-print-directory -C ../proyecto3_bsp/
[BSP build complete]
[proyecto3 build complete]
00:27:21 **** Build of configuration Nios II for project proyecto3 ****
make all 
Info: Building ../proyecto3_bsp/
C:/altera_lite/16.0/nios2eds/bin/gnu/H-x86_64-mingw32/bin/make --no-print-directory -C ../proyecto3_bsp/
[BSP build complete]
[proyecto3 build complete]
00:27:22 **** Incremental Build of configuration Nios II for project proyecto3 ****
make all 
Info: Building ../proyecto3_bsp/
C:/altera_lite/16.0/nios2eds/bin/gnu/H-x86_64-mingw32/bin/make --no-print-directory -C ../proyecto3_bsp/
[BSP build complete]
[proyecto3 build complete]
00:30:23 **** Build of configuration Nios II for project proyecto3 ****
make all 
Info: Building ../proyecto3_bsp/
C:/altera_lite/16.0/nios2eds/bin/gnu/H-x86_64-mingw32/bin/make --no-print-directory -C ../proyecto3_bsp/
[BSP build complete]
[proyecto3 build complete]
00:30:24 **** Incremental Build of configuration Nios II for project proyecto3 ****
make all 
Info: Building ../proyecto3_bsp/
C:/altera_lite/16.0/nios2eds/bin/gnu/H-x86_64-mingw32/bin/make --no-print-directory -C ../proyecto3_bsp/
[BSP build complete]
[proyecto3 build complete]
00:35:04 **** Build of configuration Nios II for project proyecto3 ****
make all 
Info: Building ../proyecto3_bsp/
C:/altera_lite/16.0/nios2eds/bin/gnu/H-x86_64-mingw32/bin/make --no-print-directory -C ../proyecto3_bsp/
[BSP build complete]
Info: Compiling hello_world.c to obj/default/hello_world.o
nios2-elf-gcc -xc -MP -MMD -c -I../proyecto3_bsp//HAL/inc -I../proyecto3_bsp/ -I../proyecto3_bsp//drivers/inc  -pipe -D__hal__ -DALT_NO_C_PLUS_PLUS -DALT_NO_INSTRUCTION_EMULATION -DALT_USE_SMALL_DRIVERS -DSMALL_C_LIB -DALT_SINGLE_THREADED    -O0 -g -Wall   -mno-hw-div -mno-hw-mul -mno-hw-mulx  -o obj/default/hello_world.o hello_world.c
Info: Linking proyecto3.elf
nios2-elf-g++  -T'../proyecto3_bsp//linker.x' -msys-crt0='../proyecto3_bsp//obj/HAL/src/crt0.o' -msys-lib=hal_bsp -L../proyecto3_bsp/  -msmallc  -Wl,-Map=proyecto3.map   -O0 -g -Wall   -mno-hw-div -mno-hw-mul -mno-hw-mulx  -o proyecto3.elf obj/default/hello_world.o -lm -msys-lib=m
nios2-elf-insert proyecto3.elf --thread_model hal --cpu_name nios_ii_processor --qsys true --simulation_enabled false --stderr_dev jtag_uart --stdin_dev jtag_uart --stdout_dev jtag_uart --sopc_system_name proyecto3_system --quartus_project_dir "E:/Docs/Maestria/2017-2_Prototipado_FPGAs/Proyectos/Proyecto3" --sopcinfo E:/Docs/Maestria/2017-2_Prototipado_FPGAs/Proyectos/Proyecto3/software/proyecto3_bsp/../../proyecto3_system.sopcinfo
Info: (proyecto3.elf) 11 KBytes program size (code + initialized data).
Info:                 52 KBytes free for stack + heap.
Info: Creating proyecto3.objdump
nios2-elf-objdump --disassemble --syms --all-header --source proyecto3.elf >proyecto3.objdump
[proyecto3 build complete]
00:35:09 **** Incremental Build of configuration Nios II for project proyecto3 ****
make all 
Info: Building ../proyecto3_bsp/
C:/altera_lite/16.0/nios2eds/bin/gnu/H-x86_64-mingw32/bin/make --no-print-directory -C ../proyecto3_bsp/
[BSP build complete]
[proyecto3 build complete]
